<?xml version="1.0" encoding="UTF-8"?>
<!-- Generated by org.testng.reporters.JUnitXMLReporter -->
<testsuite hostname="PC159112" name="Default test" tests="3" failures="0" timestamp="7 Dec 2016 09:11:53 GMT" time="71.024" errors="0">
  <testcase name="Usrlogin_page" time="25.548" classname="com.smart_internet.Test_cases.VerifyUserLogin"/>
  <testcase name="userlogin_Polaris" time="20.27" classname="com.smart_internet.Test_cases.VerifyUserLogin"/>
  <testcase name="userlogin_negetiveScenario" time="20.646" classname="com.smart_internet.Test_cases.VerifyUserLogin"/>
</testsuite> <!-- Default test -->
