<?xml version="1.0" encoding="UTF-8"?>
<testng-results skipped="0" failed="0" total="2" passed="2">
  <reporter-output>
  </reporter-output>
  <suite name="Default suite" duration-ms="51361" started-at="2016-11-23T07:53:26Z" finished-at="2016-11-23T07:54:17Z">
    <groups>
    </groups>
    <test name="Default test" duration-ms="51361" started-at="2016-11-23T07:53:26Z" finished-at="2016-11-23T07:54:17Z">
      <class name="com.smart_internet.Test_cases.VerifyUserLogin">
        <test-method status="PASS" signature="Usrlogin_page()[pri:0, instance:com.smart_internet.Test_cases.VerifyUserLogin@76ae34]" name="Usrlogin_page" duration-ms="31148" started-at="2016-11-23T13:23:26Z" finished-at="2016-11-23T13:23:57Z">
          <reporter-output>
          </reporter-output>
        </test-method> <!-- Usrlogin_page -->
        <test-method status="PASS" signature="userlogin_Polaris()[pri:0, instance:com.smart_internet.Test_cases.VerifyUserLogin@76ae34]" name="userlogin_Polaris" duration-ms="20183" started-at="2016-11-23T13:23:57Z" finished-at="2016-11-23T13:24:17Z">
          <reporter-output>
          </reporter-output>
        </test-method> <!-- userlogin_Polaris -->
      </class> <!-- com.smart_internet.Test_cases.VerifyUserLogin -->
    </test> <!-- Default test -->
  </suite> <!-- Default suite -->
</testng-results>
