<?xml version="1.0" encoding="UTF-8"?>
<!-- Generated by org.testng.reporters.JUnitXMLReporter -->
<testsuite hostname="PC159112" name="Test" tests="3" failures="1" timestamp="20 Dec 2016 05:54:03 GMT" time="140.353" errors="0">
  <testcase name="Usrlogin_page" time="55.174" classname="com.smart_internet.Test_cases.VerifyUserLogin">
    <failure type="java.lang.AssertionError" message="The following asserts failed:
	expected [Your WiFi - XFINITY Internet] but found [Sign in to Comcast]">
      <![CDATA[java.lang.AssertionError: The following asserts failed:
	expected [Your WiFi - XFINITY Internet] but found [Sign in to Comcast]
	at com.smart_internet.Test_cases.VerifyUserLogin.Usrlogin_page(VerifyUserLogin.java:63)
... Removed 26 stack frames]]>
    </failure>
  </testcase> <!-- Usrlogin_page -->
  <testcase name="userlogin_Polaris" time="52.022" classname="com.smart_internet.Test_cases.VerifyUserLogin"/>
  <testcase name="userlogin_negetiveScenario" time="22.877" classname="com.smart_internet.Test_cases.VerifyUserLogin"/>
</testsuite> <!-- Test -->
